
/home/runner/work/exp-t-test-iitb/exp-t-test-iitb/experiment/simulation/common_libraries/js/ts_components/collapse_step.js
   1:10  warning  'show_step' is defined but never used                 no-unused-vars
   2:5   warning  '$' is not defined                                    no-undef
   3:9   warning  '$' is not defined                                    no-undef
   6:10  warning  'hide_step' is defined but never used                 no-unused-vars
   7:5   warning  '$' is not defined                                    no-undef
   8:9   warning  '$' is not defined                                    no-undef
  11:10  warning  'get_collapse_btn_text' is defined but never used     no-unused-vars
  20:10  warning  'get_collapse_btn_element' is defined but never used  no-unused-vars
  29:10  warning  'hide_all_steps' is defined but never used            no-unused-vars
  31:9   warning  '$' is not defined                                    no-undef

/home/runner/work/exp-t-test-iitb/exp-t-test-iitb/experiment/simulation/common_libraries/js/ts_components/matrix.js
   27:26  warning  'MathJax' is not defined                                no-undef
   32:7   warning  'Matrix_Without_String' is defined but never used       no-unused-vars
   52:26  warning  'MathJax' is not defined                                no-undef
   56:10  warning  'get_matrix_html' is defined but never used             no-unused-vars
   87:13  warning  'row_html' is assigned a value but never used           no-unused-vars
   99:10  warning  'get_matrix_html_with_title' is defined but never used  no-unused-vars
  131:13  warning  'row_html' is assigned a value but never used           no-unused-vars
  143:10  warning  'convert_2d_to_1d_vector' is defined but never used     no-unused-vars
  156:10  warning  'convert_1d_to_2d_matrix' is defined but never used     no-unused-vars

/home/runner/work/exp-t-test-iitb/exp-t-test-iitb/experiment/simulation/common_libraries/js/ts_components/pannel.js
  8:7  warning  'Pannel' is defined but never used  no-unused-vars

/home/runner/work/exp-t-test-iitb/exp-t-test-iitb/experiment/simulation/common_libraries/js/ts_components/questions.js
   6:17  warning  'op1' is assigned a value but never used      no-unused-vars
   7:17  warning  'op2' is assigned a value but never used      no-unused-vars
   8:17  warning  'op3' is assigned a value but never used      no-unused-vars
   9:17  warning  'op4' is assigned a value but never used      no-unused-vars
  94:7   warning  'Question_Options' is defined but never used  no-unused-vars

/home/runner/work/exp-t-test-iitb/exp-t-test-iitb/experiment/simulation/common_libraries/js/ts_components/tables.js
   19:22  warning  'verify_values' is not defined                                     no-undef
  137:22  warning  'verify_values' is not defined                                     no-undef
  260:7   warning  'Verify_Rows_Cols_6_decimal_places' is defined but never used      no-unused-vars
  311:22  warning  'verify_values' is not defined                                     no-undef
  416:7   warning  'Verify_Rows_Cols_Custom_Fixed_Update1' is defined but never used  no-unused-vars
  468:7   warning  'Show_Table_Custom_Fixed' is defined but never used                no-unused-vars
  506:7   warning  'Verify_Rows_Cols_Strings' is defined but never used               no-unused-vars
  527:22  warning  'verify_values' is not defined                                     no-undef
  663:7   warning  'Display_Table' is defined but never used                          no-unused-vars

/home/runner/work/exp-t-test-iitb/exp-t-test-iitb/experiment/simulation/common_libraries/js/ts_math_library/general_math_functions.js
    1:10  warning  'verify_values' is defined but never used                   no-unused-vars
   17:10  warning  'random1' is defined but never used                         no-unused-vars
   21:10  warning  'std_deviation' is defined but never used                   no-unused-vars
   26:10  warning  'gauss' is defined but never used                           no-unused-vars
   56:10  warning  'hide_panel' is defined but never used                      no-unused-vars
   63:10  warning  'inverse_matrix' is defined but never used                  no-unused-vars
   96:10  warning  'matrix_multiplication' is defined but never used           no-unused-vars
  113:10  warning  'transpose_matrix' is defined but never used                no-unused-vars
  123:10  warning  'matrix_multiplication_8decimal' is defined but never used  no-unused-vars
  140:10  warning  'adjoint_2x2_matrix' is defined but never used              no-unused-vars
  145:10  warning  'find_deteminant' is defined but never used                 no-unused-vars
  174:10  warning  'get_Submatrix' is defined but never used                   no-unused-vars

/home/runner/work/exp-t-test-iitb/exp-t-test-iitb/experiment/simulation/common_libraries/js/ts_math_library/regression.js
   1:10  warning  'regression_linear' is defined but never used            no-unused-vars
  18:10  warning  'regression_linear_1variable' is defined but never used  no-unused-vars
  27:10  warning  'regression_linear_2variable' is defined but never used  no-unused-vars
  52:11  warning  'gauss' is not defined                                   no-undef

/home/runner/work/exp-t-test-iitb/exp-t-test-iitb/experiment/simulation/common_libraries/math.ob.js
  1:745  warning  'b' is already defined  no-redeclare

/home/runner/work/exp-t-test-iitb/exp-t-test-iitb/experiment/simulation/js/activity1.js
   21:10  warning  'start_act1' is defined but never used               no-unused-vars
   24:20  warning  'get_collapse_btn_text' is not defined               no-undef
   56:5   warning  'hide_all_steps' is not defined                      no-undef
   58:9   warning  'show_step' is not defined                           no-undef
   74:10  warning  'set_n' is defined but never used                    no-unused-vars
   78:9   warning  'N' is not defined                                   no-undef
   82:9   warning  'N' is not defined                                   no-undef
   87:10  warning  'internal_calculations_1' is defined but never used  no-unused-vars
   91:28  warning  'N' is not defined                                   no-undef
   92:5   warning  'k' is not defined                                   no-undef
   93:5   warning  'k' is not defined                                   no-undef
   95:5   warning  'epsilon' is not defined                             no-undef
   98:5   warning  'mu_0' is not defined                                no-undef
   99:5   warning  'sigma' is not defined                               no-undef
  100:5   warning  'mu_0' is not defined                                no-undef
  100:24  warning  'X_bar' is not defined                               no-undef
  100:53  warning  'k' is not defined                                   no-undef
  100:58  warning  'k' is not defined                                   no-undef
  101:5   warning  'sigma' is not defined                               no-undef
  102:22  warning  'X' is not defined                                   no-undef
  109:5   warning  'x0' is not defined                                  no-undef
  110:25  warning  'N' is not defined                                   no-undef
  118:5   warning  'x0' is not defined                                  no-undef
  119:5   warning  'sum_x' is not defined                               no-undef
  120:5   warning  'X' is not defined                                   no-undef
  121:21  warning  'x0' is not defined                                  no-undef
  122:25  warning  'x0' is not defined                                  no-undef
  123:9   warning  'X' is not defined                                   no-undef
  123:28  warning  'x0' is not defined                                  no-undef
  123:36  warning  'x0' is not defined                                  no-undef
  123:52  warning  'epsilon' is not defined                             no-undef
  124:9   warning  'sum_x' is not defined                               no-undef
  124:18  warning  'X' is not defined                                   no-undef
  126:5   warning  'X' is not defined                                   no-undef
  126:9   warning  'X' is not defined                                   no-undef
  127:5   warning  'sum_x' is not defined                               no-undef
  127:24  warning  'sum_x' is not defined                               no-undef
  128:5   warning  'X_bar' is not defined                               no-undef
  128:25  warning  'sum_x' is not defined                               no-undef
  128:33  warning  'N' is not defined                                   no-undef
  129:23  warning  'x0' is not defined                                  no-undef
  130:25  warning  'sum_x' is not defined                               no-undef
  131:26  warning  'X_bar' is not defined                               no-undef
  136:25  warning  'N' is not defined                                   no-undef
  181:22  warning  'MathJax' is not defined                             no-undef
  183:10  warning  'verify_x_y_bar' is defined but never used           no-unused-vars
  186:17  warning  'X_bar' is not defined                               no-undef
  187:10  warning  'verify_values' is not defined                       no-undef
  187:53  warning  'X_bar' is not defined                               no-undef
  201:51  warning  'X_bar' is not defined                               no-undef
  205:22  warning  'MathJax' is not defined                             no-undef
  210:25  warning  'X' is not defined                                   no-undef
  211:21  warning  'X' is not defined                                   no-undef
  212:35  warning  'X' is not defined                                   no-undef
  217:5   warning  'act1_table_data_1' is not defined                   no-undef
  218:5   warning  'sum_x_x_bar_2' is not defined                       no-undef
  219:5   warning  'S_2' is not defined                                 no-undef
  220:25  warning  'X' is not defined                                   no-undef
  222:33  warning  'X' is not defined                                   no-undef
  222:40  warning  'X_bar' is not defined                               no-undef
  224:9   warning  'sum_x_x_bar_2' is not defined                       no-undef
  225:17  warning  'X' is not defined                                   no-undef
  228:9   warning  'act1_table_data_1' is not defined                   no-undef
  230:5   warning  'sum_x_x_bar_2' is not defined                       no-undef
  230:32  warning  'sum_x_x_bar_2' is not defined                       no-undef
  231:5   warning  'S_2' is not defined                                 no-undef
  231:23  warning  'sum_x_x_bar_2' is not defined                       no-undef
  231:40  warning  'N' is not defined                                   no-undef
  232:38  warning  'act1_table_data_1' is not defined                   no-undef
  233:34  warning  'sum_x_x_bar_2' is not defined                       no-undef
  234:24  warning  'S_2' is not defined                                 no-undef
  245:19  warning  'Verify_Rows_Cols' is not defined                    no-undef
  245:44  warning  'act1_table_data_1' is not defined                   no-undef
  268:22  warning  'MathJax' is not defined                             no-undef
  270:10  warning  'verify_s_2' is defined but never used               no-unused-vars
  275:17  warning  'S_2' is not defined                                 no-undef
  276:10  warning  'verify_values' is not defined                       no-undef
  276:51  warning  'S_2' is not defined                                 no-undef
  288:53  warning  'S_2' is not defined                                 no-undef
  290:22  warning  'MathJax' is not defined                             no-undef

/home/runner/work/exp-t-test-iitb/exp-t-test-iitb/experiment/simulation/js/activity1_p1.js
    1:10  warning  'activity1_p1' is defined but never used  no-unused-vars
    4:19  warning  'get_collapse_btn_text' is not defined    no-undef
    5:5   warning  'SE' is not defined                       no-undef
    6:5   warning  't0' is not defined                       no-undef
    7:5   warning  'SE' is not defined                       no-undef
    7:31  warning  'S_2' is not defined                      no-undef
    7:37  warning  'N' is not defined                        no-undef
    8:5   warning  't0' is not defined                       no-undef
    8:23  warning  'X_bar' is not defined                    no-undef
    8:31  warning  'mu_0' is not defined                     no-undef
    8:39  warning  'SE' is not defined                       no-undef
    9:5   warning  'maindiv' is not defined                  no-undef
   14:30  warning  'X_dash_bar' is not defined               no-undef
   17:27  warning  'mu_0' is not defined                     no-undef
   20:16  warning  Unnecessary escape character: \σ          no-useless-escape
   20:24  warning  'sigma' is not defined                    no-undef
   40:22  warning  'MathJax' is not defined                  no-undef
   41:5   warning  'hide_all_steps' is not defined           no-undef
   43:9   warning  'show_step' is not defined                no-undef
   46:10  warning  'load_t_score' is defined but never used  no-unused-vars
   69:22  warning  'MathJax' is not defined                  no-undef
   71:10  warning  'verify_t0' is defined but never used     no-unused-vars
   76:17  warning  't0' is not defined                       no-undef
   77:10  warning  'verify_values' is not defined            no-undef
   77:50  warning  't0' is not defined                       no-undef
   89:47  warning  't0' is not defined                       no-undef
   91:22  warning  'MathJax' is not defined                  no-undef
   95:10  warning  'verify_se' is defined but never used     no-unused-vars
  100:17  warning  'SE' is not defined                       no-undef
  101:10  warning  'verify_values' is not defined            no-undef
  101:50  warning  'SE' is not defined                       no-undef
  113:39  warning  'SE' is not defined                       no-undef
  115:22  warning  'MathJax' is not defined                  no-undef

/home/runner/work/exp-t-test-iitb/exp-t-test-iitb/experiment/simulation/js/activity1_p2.js
   1:10  warning  'activity1_p2' is defined but never used  no-unused-vars
   4:19  warning  'get_collapse_btn_text' is not defined    no-undef
   5:5   warning  'maindiv' is not defined                  no-undef
  68:32  warning  'alpha' is not defined                    no-undef
  76:9   warning  'MathJax' is not defined                  no-undef
  78:5   warning  'hide_all_steps' is not defined           no-undef
  80:9   warning  'show_step' is not defined                no-undef

/home/runner/work/exp-t-test-iitb/exp-t-test-iitb/experiment/simulation/js/activity1_p3.js
   1:10  warning  'activity1_p3' is defined but never used    no-unused-vars
   4:19  warning  'get_collapse_btn_text' is not defined      no-undef
   5:5   warning  't_alpha' is not defined                    no-undef
   6:5   warning  't_alpha' is not defined                    no-undef
   6:15  warning  't_table_data' is not defined               no-undef
   6:28  warning  'N' is not defined                          no-undef
   7:5   warning  'maindiv' is not defined                    no-undef
  31:22  warning  'MathJax' is not defined                    no-undef
  35:19  warning  'Show_Table' is not defined                 no-undef
  35:38  warning  't_table_data' is not defined               no-undef
  37:5   warning  'hide_all_steps' is not defined             no-undef
  39:9   warning  'show_step' is not defined                  no-undef
  42:10  warning  'verify_t_alpha' is defined but never used  no-unused-vars
  47:17  warning  't_alpha' is not defined                    no-undef
  48:10  warning  'verify_values' is not defined              no-undef
  48:55  warning  't_alpha' is not defined                    no-undef
  60:31  warning  't_alpha' is not defined                    no-undef
  62:22  warning  'MathJax' is not defined                    no-undef

/home/runner/work/exp-t-test-iitb/exp-t-test-iitb/experiment/simulation/js/activity1_p4.js
   1:10  warning  'activity1_p4' is defined but never used  no-unused-vars
   4:19  warning  'get_collapse_btn_text' is not defined    no-undef
   5:5   warning  'maindiv' is not defined                  no-undef
  14:43  warning  't_alpha' is not defined                  no-undef
  17:59  warning  't0' is not defined                       no-undef
  35:9   warning  'MathJax' is not defined                  no-undef
  38:5   warning  'hide_all_steps' is not defined           no-undef
  42:9   warning  'show_step' is not defined                no-undef
  46:18  warning  't0' is not defined                       no-undef
  46:24  warning  't_alpha' is not defined                  no-undef
  47:9   warning  'hypo_test_reject_op' is not defined      no-undef
  50:9   warning  'hypo_test_reject_op' is not defined      no-undef
  53:10  warning  'vf_null_hypo' is defined but never used  no-unused-vars
  57:9   warning  'hypo_test_reject_op' is not defined      no-undef
  60:14  warning  'hypo_test_reject_op' is not defined      no-undef
  63:25  warning  'hypo_test_reject_op' is not defined      no-undef

/home/runner/work/exp-t-test-iitb/exp-t-test-iitb/experiment/simulation/js/activity2.js
    1:10  warning  'activity2' is defined but never used          no-unused-vars
    4:5   warning  'X_dash' is not defined                        no-undef
    5:5   warning  'X_dash_bar' is not defined                    no-undef
    8:25  warning  'X' is not defined                             no-undef
    9:9   warning  'X_dash' is not defined                        no-undef
    9:37  warning  'X' is not defined                             no-undef
   10:9   warning  'X_dash_bar' is not defined                    no-undef
   10:23  warning  'X_dash' is not defined                        no-undef
   12:5   warning  'X_dash_bar' is not defined                    no-undef
   12:30  warning  'X_dash_bar' is not defined                    no-undef
   12:43  warning  'N' is not defined                             no-undef
   13:17  warning  'X_dash' is not defined                        no-undef
   14:17  warning  'X_dash_bar' is not defined                    no-undef
   29:5   warning  'maindiv' is not defined                       no-undef
   30:5   warning  'hide_all_steps' is not defined                no-undef
   32:10  warning  'start_act2' is defined but never used         no-unused-vars
   35:19  warning  'get_collapse_btn_text' is not defined         no-undef
   36:5   warning  'maindiv' is not defined                       no-undef
   71:22  warning  'MathJax' is not defined                       no-undef
   72:5   warning  'hide_all_steps' is not defined                no-undef
   74:9   warning  'show_step' is not defined                     no-undef
   80:25  warning  'X_dash' is not defined                        no-undef
   81:21  warning  'X_dash' is not defined                        no-undef
   82:35  warning  'X_dash' is not defined                        no-undef
   85:10  warning  'verify_x_dash_bar' is defined but never used  no-unused-vars
   89:17  warning  'X_dash_bar' is not defined                    no-undef
   90:10  warning  'verify_values' is not defined                 no-undef
   90:54  warning  'X_dash_bar' is not defined                    no-undef
  104:53  warning  'X_dash_bar' is not defined                    no-undef
  109:22  warning  'MathJax' is not defined                       no-undef

/home/runner/work/exp-t-test-iitb/exp-t-test-iitb/experiment/simulation/js/activity2_p1.js
    1:10  warning  'activity2_p1' is defined but never used        no-unused-vars
    4:5   warning  'SE_a2' is not defined                          no-undef
    5:5   warning  't0_a2' is not defined                          no-undef
    6:5   warning  'SE_a2' is not defined                          no-undef
    6:25  warning  'sigma' is not defined                          no-undef
    6:43  warning  'N' is not defined                              no-undef
    7:5   warning  't0_a2' is not defined                          no-undef
    7:26  warning  'X_dash_bar' is not defined                     no-undef
    7:39  warning  'mu_0' is not defined                           no-undef
    7:47  warning  'SE_a2' is not defined                          no-undef
    8:19  warning  'get_collapse_btn_text' is not defined          no-undef
    9:5   warning  'maindiv' is not defined                        no-undef
   14:30  warning  'X_dash_bar' is not defined                     no-undef
   17:27  warning  'mu_0' is not defined                           no-undef
   20:16  warning  Unnecessary escape character: \σ                no-useless-escape
   20:24  warning  'sigma' is not defined                          no-undef
   44:9   warning  'MathJax' is not defined                        no-undef
   46:5   warning  'hide_all_steps' is not defined                 no-undef
   48:9   warning  'show_step' is not defined                      no-undef
   51:10  warning  'verify_a2_se' is defined but never used        no-unused-vars
   55:17  warning  'SE_a2' is not defined                          no-undef
   56:10  warning  'verify_values' is not defined                  no-undef
   56:53  warning  'SE_a2' is not defined                          no-undef
   68:43  warning  'SE_a2' is not defined                          no-undef
   70:22  warning  'MathJax' is not defined                        no-undef
   73:10  warning  'a2_load_test_score' is defined but never used  no-unused-vars
   96:22  warning  'MathJax' is not defined                        no-undef
   98:10  warning  'verify_a2_t0' is defined but never used        no-unused-vars
  103:17  warning  't0_a2' is not defined                          no-undef
  104:10  warning  'verify_values' is not defined                  no-undef
  104:53  warning  't0_a2' is not defined                          no-undef
  116:48  warning  't0_a2' is not defined                          no-undef
  118:22  warning  'MathJax' is not defined                        no-undef

/home/runner/work/exp-t-test-iitb/exp-t-test-iitb/experiment/simulation/js/activity2_p2.js
   1:10  warning  'activity2_p2' is defined but never used  no-unused-vars
   4:19  warning  'get_collapse_btn_text' is not defined    no-undef
   5:5   warning  'maindiv' is not defined                  no-undef
  68:32  warning  'alpha' is not defined                    no-undef
  76:9   warning  'MathJax' is not defined                  no-undef
  78:5   warning  'hide_all_steps' is not defined           no-undef
  80:9   warning  'show_step' is not defined                no-undef

/home/runner/work/exp-t-test-iitb/exp-t-test-iitb/experiment/simulation/js/activity2_p3.js
   1:10  warning  'activity2_p3' is defined but never used       no-unused-vars
   4:19  warning  'get_collapse_btn_text' is not defined         no-undef
   5:5   warning  't_alpha_a2' is not defined                    no-undef
   6:5   warning  't_alpha_a2' is not defined                    no-undef
   6:18  warning  't_table_data' is not defined                  no-undef
   6:31  warning  'N' is not defined                             no-undef
   7:5   warning  'maindiv' is not defined                       no-undef
  31:22  warning  'MathJax' is not defined                       no-undef
  35:19  warning  'Show_Table' is not defined                    no-undef
  35:38  warning  't_table_data' is not defined                  no-undef
  37:5   warning  'hide_all_steps' is not defined                no-undef
  39:9   warning  'show_step' is not defined                     no-undef
  42:10  warning  'a2_verify_t_alpha' is defined but never used  no-unused-vars
  47:17  warning  't_alpha_a2' is not defined                    no-undef
  48:10  warning  'verify_values' is not defined                 no-undef
  48:58  warning  't_alpha_a2' is not defined                    no-undef
  60:31  warning  't_alpha_a2' is not defined                    no-undef
  62:22  warning  'MathJax' is not defined                       no-undef

/home/runner/work/exp-t-test-iitb/exp-t-test-iitb/experiment/simulation/js/activity2_p4.js
   1:10  warning  'activity2_p4' is defined but never used     no-unused-vars
   4:19  warning  'get_collapse_btn_text' is not defined       no-undef
   5:5   warning  'maindiv' is not defined                     no-undef
  14:43  warning  't_alpha_a2' is not defined                  no-undef
  17:59  warning  't0_a2' is not defined                       no-undef
  35:9   warning  'MathJax' is not defined                     no-undef
  38:5   warning  'hide_all_steps' is not defined              no-undef
  42:9   warning  'show_step' is not defined                   no-undef
  46:18  warning  't0_a2' is not defined                       no-undef
  46:27  warning  't_alpha_a2' is not defined                  no-undef
  47:9   warning  'hypo_test_reject_op' is not defined         no-undef
  50:9   warning  'hypo_test_reject_op' is not defined         no-undef
  53:10  warning  'a2_vf_null_hypo' is defined but never used  no-unused-vars
  57:9   warning  'hypo_test_reject_op' is not defined         no-undef
  60:14  warning  'hypo_test_reject_op' is not defined         no-undef
  63:25  warning  'hypo_test_reject_op' is not defined         no-undef

/home/runner/work/exp-t-test-iitb/exp-t-test-iitb/experiment/simulation/js/activity3.js
   1:10  warning  'activity3' is defined but never used         no-unused-vars
  29:10  warning  'a2_vf_conslusion' is defined but never used  no-unused-vars

/home/runner/work/exp-t-test-iitb/exp-t-test-iitb/experiment/simulation/js/activity4.js
   1:10  warning  'activity4' is defined but never used        no-unused-vars
   4:5   warning  'maindiv' is not defined                     no-undef
  17:5   warning  'x_bar_a4' is not defined                    no-undef
  18:5   warning  'mu_0_a4' is not defined                     no-undef
  19:5   warning  'k_a4' is not defined                        no-undef
  20:5   warning  'sigma_a4' is not defined                    no-undef
  21:5   warning  'x_bar_a4' is not defined                    no-undef
  22:5   warning  'k_a4' is not defined                        no-undef
  23:5   warning  'mu_0_a4' is not defined                     no-undef
  23:27  warning  'x_bar_a4' is not defined                    no-undef
  23:42  warning  'k' is not defined                           no-undef
  23:62  warning  'k' is not defined                           no-undef
  24:5   warning  'sigma_a4' is not defined                    no-undef
  26:10  warning  'load_difference' is defined but never used  no-unused-vars

/home/runner/work/exp-t-test-iitb/exp-t-test-iitb/experiment/simulation/js/data.js
   2:5  warning  'alpha' is assigned a value but never used                no-unused-vars
   6:9  warning  't_table_one_tailed' is not defined                       no-undef
   7:9  warning  't_table_one_tailed' is not defined                       no-undef
   8:9  warning  't_table_one_tailed' is not defined                       no-undef
  13:5  warning  'N' is assigned a value but never used                    no-unused-vars
  14:5  warning  'k' is assigned a value but never used                    no-unused-vars
  15:5  warning  'epsilon' is assigned a value but never used              no-unused-vars
  20:5  warning  'x0' is assigned a value but never used                   no-unused-vars
  26:5  warning  'X' is assigned a value but never used                    no-unused-vars
  32:5  warning  'sum_x' is assigned a value but never used                no-unused-vars
  33:5  warning  'X_bar' is assigned a value but never used                no-unused-vars
  34:5  warning  'mu_0' is assigned a value but never used                 no-unused-vars
  35:5  warning  'sigma' is assigned a value but never used                no-unused-vars
  36:5  warning  'sum_x_x_bar_2' is assigned a value but never used        no-unused-vars
  38:5  warning  'S_2' is assigned a value but never used                  no-unused-vars
  39:5  warning  'act1_table_data_1' is assigned a value but never used    no-unused-vars
  71:5  warning  'SE' is assigned a value but never used                   no-unused-vars
  72:5  warning  't0' is assigned a value but never used                   no-unused-vars
  73:5  warning  't_alpha' is assigned a value but never used              no-unused-vars
  74:5  warning  'alpha_dd_options' is assigned a value but never used     no-unused-vars
  75:5  warning  'hypo_test_reject_op' is assigned a value but never used  no-unused-vars
  77:5  warning  'X_dash' is assigned a value but never used               no-unused-vars
  83:5  warning  'X_dash_bar' is assigned a value but never used           no-unused-vars
  84:5  warning  'SE_a2' is assigned a value but never used                no-unused-vars
  85:5  warning  't0_a2' is assigned a value but never used                no-unused-vars
  86:5  warning  't_alpha_a2' is assigned a value but never used           no-unused-vars
  88:5  warning  'x_bar_a4' is defined but never used                      no-unused-vars
  89:5  warning  'mu_0_a4' is defined but never used                       no-unused-vars
  90:5  warning  'k_a4' is defined but never used                          no-unused-vars
  91:5  warning  'sigma_a4' is defined but never used                      no-unused-vars

/home/runner/work/exp-t-test-iitb/exp-t-test-iitb/experiment/simulation/js/t_table_data.js
    1:5  warning  't_distribution_data' is assigned a value but never used  no-unused-vars
  375:5  warning  't_table_one_tailed' is assigned a value but never used   no-unused-vars

/home/runner/work/exp-t-test-iitb/exp-t-test-iitb/experiment/simulation/js/z-table.js
  1:5  warning  'z_table' is assigned a value but never used  no-unused-vars

✖ 358 problems (0 errors, 358 warnings)

